make all --print-data-base --no-builtin-variables --no-builtin-rules --question
# GNU Make 3.81
# Copyright (C) 2006  Free Software Foundation, Inc.
# This is free software; see the source for copying conditions.
# There is NO warranty; not even for MERCHANTABILITY or FITNESS FOR A
# PARTICULAR PURPOSE.

# This program built for i386-apple-darwin11.3.0

# Make data base, printed on Mon Sep 19 15:12:51 2022

# Variables

# automatic
<D = $(patsubst %/,%,$(dir $<))
# automatic
?F = $(notdir $?)
# makefile (from `makefile', line 12)
OBJ = $(SRC:.c=.o)
# makefile (from `makefile', line 1)
SRC = ./src/main_cub3d.c  ./src/parsing/inspect.c ./src/parsing/start_parsing.c ./src/parsing/store.c ./src/f_tools/drawing_tools_1.c ./src/f_tools/drawing_tools_2.c ./src/f_tools/gnl.c ./src/f_tools/general_tools_1.c ./src/f_tools/general_tools_2.c ./src/f_tools/general_tools_3.c ./src/f_tools/parsing_tools_1.c ./src/f_tools/parsing_tools_2.c ./src/f_tools/exec_tools_1.c ./src/f_tools/exec_tools_2.c ./src/f_tools/raycasting_tools.c ./exec/drawing.c ./exec/ft_3d.c ./exec/raycasting.c ./exec/send_ray.c ./exec/start_exec.c ./exec/keys_handler.c ./exec/f_keys_handler.c
# environment
VSCODE_LOG_NATIVE = false
# automatic
?D = $(patsubst %/,%,$(dir $?))
# automatic
@D = $(patsubst %/,%,$(dir $@))
# automatic
@F = $(notdir $@)
# makefile
CURDIR := /Users/ybadaoui/Desktop/cub3d
# makefile
SHELL = /bin/sh
# environment
VSCODE_NLS_CONFIG = {"locale":"en-us","availableLanguages":{},"_languagePackSupport":true}
# environment
_ = /usr/bin/make
# makefile (from `makefile', line 1)
MAKEFILE_LIST :=  makefile
# environment
VSCODE_VERBOSE_LOGGING = true
# environment
VSCODE_IPC_HOOK_EXTHOST = /var/folders/zz/zyxvpxvq6csfxvn_n000ccj0003348/T/vscode-ipc-37a43c75-b39e-4395-afa4-5e0b979c5c62.sock
# environment
VSCODE_CWD = /
# environment
Apple_PubSub_Socket_Render = /private/tmp/com.apple.launchd.6iW580B4OK/Render
# environment
PATH = /Users/ybadaoui/goinfre/homebrew/bin:/usr/local/bin:/usr/bin:/bin:/usr/sbin:/sbin:/usr/local/munki
# environment
LSCOLORS = Gxfxcxdxbxegedabagacad
# environment
VSCODE_LOG_STACK = false
# environment
ELECTRON_RUN_AS_NODE = 1
# default
.FEATURES := target-specific order-only second-expansion else-if archives jobserver check-symlink
# environment
SSH_AUTH_SOCK = /private/tmp/com.apple.launchd.XUmi9qtSXC/Listeners
# automatic
%F = $(notdir $%)
# environment
VSCODE_PIPE_LOGGING = true
# environment
PWD = /Users/ybadaoui/Desktop/cub3d
# environment
ORIGINAL_XDG_CURRENT_DESKTOP = undefined
# environment
VSCODE_AMD_ENTRYPOINT = vs/workbench/api/node/extensionHostProcess
# environment
HOME = /Users/ybadaoui
# default
MAKEFILEPATH = $(shell /usr/bin/xcode-select -print-path 2>/dev/null || echo /Developer)/Makefiles
# environment
VSCODE_CODE_CACHE_PATH = /Users/ybadaoui/Library/Application Support/Code/CachedData/57fd6d0195bb9b9d1b49f6da5db789060795de47
# environment
LOGNAME = ybadaoui
# environment
APPLICATION_INSIGHTS_NO_DIAGNOSTIC_CHANNEL = 1
# makefile (from `makefile', line 16)
HEADERS = ./headers/cub3d.h ./headers/struct.h
# environment
ZSH = /Users/ybadaoui/.oh-my-zsh
# environment
VSCODE_HANDLES_UNCAUGHT_ERRORS = true
# automatic
^D = $(patsubst %/,%,$(dir $^))
# environment
XPC_FLAGS = 0x0
# default
MAKE = $(MAKE_COMMAND)
# default
MAKECMDGOALS := all
# environment
SHLVL = 1
# makefile (from `makefile', line 18)
CC = gcc
# default
MAKE_VERSION := 3.81
# environment
USER = ybadaoui
# makefile
.DEFAULT_GOAL := all
# makefile (from `makefile', line 14)
NAME = cub3D
# environment
LESS = -R
# automatic
%D = $(patsubst %/,%,$(dir $%))
# default
MAKE_COMMAND := /Library/Developer/CommandLineTools/usr/bin/make
# default
.VARIABLES := 
# environment
TMPDIR = /var/folders/zz/zyxvpxvq6csfxvn_n000ccj0003348/T/
# automatic
*F = $(notdir $*)
# environment
VSCODE_IPC_HOOK = /Users/ybadaoui/Library/Application Support/Code/1.67.0-main.sock
# makefile
MAKEFLAGS = Rrqp
# environment
MFLAGS = -Rrqp
# automatic
*D = $(patsubst %/,%,$(dir $*))
# environment
XPC_SERVICE_NAME = com.apple.xpc.launchd.oneshot.0x10000001.Electron
# automatic
+D = $(patsubst %/,%,$(dir $+))
# automatic
+F = $(notdir $+)
# environment
__CF_USER_TEXT_ENCODING = 0x18C88:0x0:0x0
# environment
COMMAND_MODE = unix2003
# default
MAKEFILES := 
# automatic
<F = $(notdir $<)
# makefile (from `makefile', line 20)
MLX_FLAGS = -framework OpenGL -framework AppKit
# environment
PAGER = less
# environment
LC_ALL = C
# environment
SECURITYSESSIONID = 186a8
# automatic
^F = $(notdir $^)
# default
SUFFIXES := 
# makefile (from `makefile', line 22)
FLAGS = -Wall -Wextra -Werror
# default
.INCLUDE_DIRS = /usr/local/include
# environment
MAKELEVEL := 0
# environment
LANG = C
# environment
VSCODE_PID = 5496
# variable set hash-table stats:
# Load=74/1024=7%, Rehash=0, Collisions=3/106=3%

# Pattern-specific Variable Values

# No pattern-specific variable values.

# Directories

# . (device 16777227, inode 1397562): 16 files, no impossibilities.
# exec (device 16777227, inode 2096069): 16 files, no impossibilities so far.
# src (device 16777227, inode 2067103): 4 files, no impossibilities so far.
# src/f_tools (device 16777227, inode 2068679): 23 files, no impossibilities so far.
# src/parsing (device 16777227, inode 2068212): 7 files, no impossibilities so far.
# headers (device 16777227, inode 2067314): No files, no impossibilities so far.

# 66 files, no impossibilities in 6 directories.

# Implicit Rules

%.o: %.c ./headers/cub3d.h ./headers/struct.h
#  commands to execute (from `makefile', line 30):
	$(CC) $(FLAGS) -Iminilibx -c $< -o $@
	

# 1 implicit rules, 0 (0.0%) terminal.

# Files

src/f_tools/parsing_tools_1.o: src/f_tools/parsing_tools_1.c headers/cub3d.h headers/struct.h
#  Implicit rule search has been done.
#  Implicit/static pattern stem: `src/f_tools/parsing_tools_1'
#  Last modified 2022-09-19 12:56:07
#  File has been updated.
#  Successfully updated.
# variable set hash-table stats:
# Load=0/32=0%, Rehash=0, Collisions=0/0=0%
#  commands to execute (from `makefile', line 30):
	$(CC) $(FLAGS) -Iminilibx -c $< -o $@
	

src/main_cub3d.o: src/main_cub3d.c headers/cub3d.h headers/struct.h
#  Implicit rule search has been done.
#  Implicit/static pattern stem: `src/main_cub3d'
#  Last modified 2022-09-19 12:47:53
#  File has been updated.
#  Successfully updated.
# variable set hash-table stats:
# Load=0/32=0%, Rehash=0, Collisions=0/0=0%
#  commands to execute (from `makefile', line 30):
	$(CC) $(FLAGS) -Iminilibx -c $< -o $@
	

# Not a target:
src/f_tools/exec_tools_2.c:
#  Implicit rule search has been done.
#  Last modified 2022-09-17 14:19:36
#  File has been updated.
#  Successfully updated.
# variable set hash-table stats:
# Load=0/32=0%, Rehash=0, Collisions=0/0=0%

exec/f_keys_handler.o: exec/f_keys_handler.c headers/cub3d.h headers/struct.h
#  Implicit rule search has been done.
#  Implicit/static pattern stem: `exec/f_keys_handler'
#  Last modified 2022-09-19 12:47:54
#  File has been updated.
#  Successfully updated.
# variable set hash-table stats:
# Load=0/32=0%, Rehash=0, Collisions=0/0=0%
#  commands to execute (from `makefile', line 30):
	$(CC) $(FLAGS) -Iminilibx -c $< -o $@
	

all: cub3D
#  Command-line target.
#  Implicit rule search has been done.
#  File does not exist.
#  File has been updated.
#  Successfully updated.
# variable set hash-table stats:
# Load=0/32=0%, Rehash=0, Collisions=0/0=0%

exec/keys_handler.o: exec/keys_handler.c headers/cub3d.h headers/struct.h
#  Implicit rule search has been done.
#  Implicit/static pattern stem: `exec/keys_handler'
#  Last modified 2022-09-19 12:47:54
#  File has been updated.
#  Successfully updated.
# variable set hash-table stats:
# Load=0/32=0%, Rehash=0, Collisions=0/0=0%
#  commands to execute (from `makefile', line 30):
	$(CC) $(FLAGS) -Iminilibx -c $< -o $@
	

src/f_tools/drawing_tools_2.o: src/f_tools/drawing_tools_2.c headers/cub3d.h headers/struct.h
#  Implicit rule search has been done.
#  Implicit/static pattern stem: `src/f_tools/drawing_tools_2'
#  Last modified 2022-09-19 12:47:53
#  File has been updated.
#  Successfully updated.
# variable set hash-table stats:
# Load=0/32=0%, Rehash=0, Collisions=0/0=0%
#  commands to execute (from `makefile', line 30):
 
	$(CC) $(FLAGS) -Iminilibx -c $< -o $@
	

cub3D: src/main_cub3d.o src/parsing/inspect.o src/parsing/start_parsing.o src/parsing/store.o src/f_tools/drawing_tools_1.o src/f_tools/drawing_tools_2.o src/f_tools/gnl.o src/f_tools/general_tools_1.o src/f_tools/general_tools_2.o src/f_tools/general_tools_3.o src/f_tools/parsing_tools_1.o src/f_tools/parsing_tools_2.o src/f_tools/exec_tools_1.o src/f_tools/exec_tools_2.o src/f_tools/raycasting_tools.o exec/drawing.o exec/ft_3d.o exec/raycasting.o exec/send_ray.o exec/start_exec.o exec/keys_handler.o exec/f_keys_handler.o headers/cub3d.h headers/struct.h
#  Implicit rule search has not been done.
#  Last modified 2022-09-19 12:56:07
#  File has been updated.
#  Successfully updated.
# variable set hash-table stats:
# Load=0/32=0%, Rehash=0, Collisions=0/0=0%
#  commands to execute (from `makefile', line 27):
	$(CC) $(FLAGS) $(MLX_FLAGS) minilibx/libmlx.a $(OBJ) -o $(NAME)
	

src/f_tools/parsing_tools_2.o: src/f_tools/parsing_tools_2.c headers/cub3d.h headers/struct.h
#  Implicit rule search has been done.
#  Implicit/static pattern stem: `src/f_tools/parsing_tools_2'
#  Last modified 2022-09-19 12:47:53
#  File has been updated.
#  Successfully updated.
# variable set hash-table stats:
# Load=0/32=0%, Rehash=0, Collisions=0/0=0%
#  commands to execute (from `makefile', line 30):
	$(CC) $(FLAGS) -Iminilibx -c $< -o $@
	

exec/start_exec.o: exec/start_exec.c headers/cub3d.h headers/struct.h
#  Implicit rule search has been done.
#  Implicit/static pattern stem: `exec/start_exec'
#  Last modified 2022-09-19 12:47:54
#  File has been updated.
#  Successfully updated.
# variable set hash-table stats:
# Load=0/32=0%, Rehash=0, Collisions=0/0=0%
#  commands to execute (from `makefile', line 30):
	$(CC) $(FLAGS) -Iminilibx -c $< -o $@
	

exec/raycasting.o: exec/raycasting.c headers/cub3d.h headers/struct.h
#  Implicit rule search has been done.
#  Implicit/static pattern stem: `exec/raycasting'
#  Last modified 2022-09-19 12:47:54
#  File has been updated.
#  Successfully updated.
# variable set hash-table stats:
# Load=0/32=0%, Rehash=0, Collisions=0/0=0%
#  commands to execute (from `makefile', line 30):
	$(CC) $(FLAGS) -Iminilibx -c $< -o $@
	

# Not a target:
.SUFFIXES:
#  Implicit rule search has not been done.
#  Modification time never checked.
#  File has not been updated.

# Not a target:
src/f_tools/general_tools_3.c:
#  Implicit rule search has been done.
#  Last modified 2022-09-13 11:41:19
#  File has been updated.
#  Successfully updated.
# variable set hash-table stats:
# Load=0/32=0%, Rehash=0, Collisions=0/0=0%

# Not a target:
src/f_tools/drawing_tools_1.c:
#  Implicit rule search has been done.
#  Last modified 2022-09-17 13:12:17
#  File has been updated.
#  Successfully updated.
# variable set hash-table stats:
# Load=0/32=0%, Rehash=0, Collisions=0/0=0%

# Not a target:
exec/ft_3d.c:
#  Implicit rule search has been done.
#  Last modified 2022-09-16 10:40:01
#  File has been updated.
#  Successfully updated.
# variable set hash-table stats:
# Load=0/32=0%, Rehash=0, Collisions=0/0=0%

# Not a target:
exec/send_ray.c:
#  Implicit rule search has been done.
#  Last modified 2022-09-15 16:18:59
#  File has been updated.
#  Successfully updated.
# variable set hash-table stats:
# Load=0/32=0%, Rehash=0, Collisions=0/0=0%

# Not a target:
makefile:
#  Implicit rule search has been done.
#  Last modified 2022-09-13 11:36:24
#  File has been updated.
#  Successfully updated.
# variable set hash-table stats:
# Load=0/32=0%, Rehash=0, Collisions=0/0=0%

# Not a target:
src/f_tools/parsing_tools_1.c:
#  Implicit rule search has been done.
#  Last modified 2022-09-19 12:56:00
#  File has been updated.
#  Successfully updated.
# variable set hash-table stats:
# Load=0/32=0%, Rehash=0, Collisions=0/0=0%

# Not a target:
src/main_cub3d.c:
#  Implicit rule search has been done.
#  Last modified 2022-09-13 11:17:15
#  File has been updated.
#  Successfully updated.
# variable set hash-table stats:
# Load=0/32=0%, Rehash=0, Collisions=0/0=0%

src/f_tools/general_tools_1.o: src/f_tools/general_tools_1.c headers/cub3d.h headers/struct.h
#  Implicit rule search has been done.
#  Implicit/static pattern stem: `src/f_tools/general_tools_1'
#  Last modified 2022-09-19 12:56:07
#  File has been updated.
#  Successfully updated.
# variable set hash-table stats:
# Load=0/32=0%, Rehash=0, Collisions=0/0=0%
#  commands to execute (from `makefile', line 30):
	$(CC) $(FLAGS) -Iminilibx -c $< -o $@
	

exec/send_ray.o: exec/send_ray.c headers/cub3d.h headers/struct.h
#  Implicit rule search has been done.
#  Implicit/static pattern stem: `exec/send_ray'
#  Last modified 2022-09-19 12:47:54
#  File has been updated.
#  Successfully updated.
# variable set hash-table stats:
# Load=0/32=0%, Rehash=0, Collisions=0/0=0%
#  commands to execute (from `makefile', line 30):
	$(CC) $(FLAGS) -Iminilibx -c $< -o $@
	

src/f_tools/raycasting_tools.o: src/f_tools/raycasting_tools.c headers/cub3d.h headers/struct.h
#  Implicit rule search has been done.
#  Implicit/static pattern stem: `src/f_tools/raycasting_tools'
#  Last modified 2022-09-19 12:47:53
#  File has been updated.
#  Successfully updated.
# variable set hash-table stats:
# Load=0/32=0%, Rehash=0, Collisions=0/0=0%
#  commands to execute (from `makefile', line 30):
	$(CC) $(FLAGS) -Iminilibx -c $< -o $@
	

src/parsing/store.o: src/parsing/store.c headers/cub3d.h headers/struct.h
#  Implicit rule search has been done.
#  Implicit/static pattern stem: `src/parsing/store'
#  Last modified 2022-09-19 12:56:07
#  File has been updated.
#  Successfully updated.
# variable set hash-table stats:
# Load=0/32=0%, Rehash=0, Collisions=0/0=0%
#  commands to execute (from `makefile', line 30):
	$(CC) $(FLAGS) -Iminilibx -c $< -o $@
	

# Not a target:
exec/f_keys_handler.c:
#  Implicit rule search has been done.
#  Last modified 2022-09-17 17:03:16
#  File has been updated.
#  Successfully updated.
# variable set hash-table stats:
# Load=0/32=0%, Rehash=0, Collisions=0/0=0%

# Not a target:
headers/cub3d.h:
#  Implicit rule search has been done.
#  Last modified 2022-09-16 11:55:04
#  File has been updated.
#  Successfully updated.
# variable set hash-table stats:
# Load=0/32=0%, Rehash=0, Collisions=0/0=0%

# Not a target:
exec/keys_handler.c:
#  Implicit rule search has been done.
#  Last modified 2022-09-17 17:01:06
#  File has been updated.
#  Successfully updated.
# variable set hash-table stats:
# Load=0/32=0%, Rehash=0, Collisions=0/0=0%

fclean: clean
#  Implicit rule search has not been done.
#  Modification time never checked.
#  File has not been updated.
#  commands to execute (from `makefile', line 39):
	rm -f $(NAME)
	

# Not a target:
src/f_tools/drawing_tools_2.c:
#  Implicit rule search has been done.
#  Last modified 2022-09-16 10:14:44
#  File has been updated.
#  Successfully updated.
# variable set hash-table stats:
# Load=0/32=0%, Rehash=0, Collisions=0/0=0%

src/f_tools/exec_tools_1.o: src/f_tools/exec_tools_1.c headers/cub3d.h headers/struct.h
#  Implicit rule search has been done.
#  Implicit/static pattern stem: `src/f_tools/exec_tools_1'
#  Last modified 2022-09-19 12:47:53
#  File has been updated.
#  Successfully updated.
# variable set hash-table stats:
# Load=0/32=0%, Rehash=0, Collisions=0/0=0%
#  commands to execute (from `makefile', line 30):
	$(CC) $(FLAGS) -Iminilibx -c $< -o $@
	

src/parsing/inspect.o: src/parsing/inspect.c headers/cub3d.h headers/struct.h
#  Implicit rule search has been done.
#  Implicit/static pattern stem: `src/parsing/inspect'
#  Last modified 2022-09-19 12:47:53
#  File has been updated.
#  Successfully updated.
# variable set hash-table stats:
# Load=0/32=0%, Rehash=0, Collisions=0/0=0%
#  commands to execute (from `makefile', line 30):
	$(CC) $(FLAGS) -Iminilibx -c $< -o $@
	

# Not a target:
src/f_tools/parsing_tools_2.c:
#  Implicit rule search has been done.
#  Last modified 2022-09-02 11:37:03
#  File has been updated.
#  Successfully updated.
# variable set hash-table stats:
# Load=0/32=0%, Rehash=0, Collisions=0/0=0%

# Not a target:
exec/start_exec.c:
#  Implicit rule search has been done.
 
#  Last modified 2022-09-05 12:49:57
#  File has been updated.
#  Successfully updated.
# variable set hash-table stats:
# Load=0/32=0%, Rehash=0, Collisions=0/0=0%

src/f_tools/general_tools_2.o: src/f_tools/general_tools_2.c headers/cub3d.h headers/struct.h
#  Implicit rule search has been done.
#  Implicit/static pattern stem: `src/f_tools/general_tools_2'
#  Last modified 2022-09-19 12:51:20
#  File has been updated.
#  Successfully updated.
# variable set hash-table stats:
# Load=0/32=0%, Rehash=0, Collisions=0/0=0%
#  commands to execute (from `makefile', line 30):
	$(CC) $(FLAGS) -Iminilibx -c $< -o $@
	

src/f_tools/gnl.o: src/f_tools/gnl.c headers/cub3d.h headers/struct.h
#  Implicit rule search has been done.
#  Implicit/static pattern stem: `src/f_tools/gnl'
#  Last modified 2022-09-19 12:47:53
#  File has been updated.
#  Successfully updated.
# variable set hash-table stats:
# Load=0/32=0%, Rehash=0, Collisions=0/0=0%
#  commands to execute (from `makefile', line 30):
	$(CC) $(FLAGS) -Iminilibx -c $< -o $@
	

# Not a target:
.DEFAULT:
#  Implicit rule search has not been done.
#  Modification time never checked.
#  File has not been updated.

# Not a target:
exec/raycasting.c:
#  Implicit rule search has been done.
#  Last modified 2022-09-15 16:18:59
#  File has been updated.
#  Successfully updated.
# variable set hash-table stats:
# Load=0/32=0%, Rehash=0, Collisions=0/0=0%

src/parsing/start_parsing.o: src/parsing/start_parsing.c headers/cub3d.h headers/struct.h
#  Implicit rule search has been done.
#  Implicit/static pattern stem: `src/parsing/start_parsing'
#  Last modified 2022-09-19 12:56:07
#  File has been updated.
#  Successfully updated.
# variable set hash-table stats:
# Load=0/32=0%, Rehash=0, Collisions=0/0=0%
#  commands to execute (from `makefile', line 30):
	$(CC) $(FLAGS) -Iminilibx -c $< -o $@
	

# Not a target:
headers/struct.h:
#  Implicit rule search has been done.
#  Last modified 2022-09-17 16:52:26
#  File has been updated.
#  Successfully updated.
# variable set hash-table stats:
# Load=0/32=0%, Rehash=0, Collisions=0/0=0%

exec/drawing.o: exec/drawing.c headers/cub3d.h headers/struct.h
#  Implicit rule search has been done.
#  Implicit/static pattern stem: `exec/drawing'
#  Last modified 2022-09-19 12:47:53
#  File has been updated.
#  Successfully updated.
# variable set hash-table stats:
# Load=0/32=0%, Rehash=0, Collisions=0/0=0%
#  commands to execute (from `makefile', line 30):
	$(CC) $(FLAGS) -Iminilibx -c $< -o $@
	

re: fclean all
#  Implicit rule search has not been done.
#  Modification time never checked.
#  File has not been updated.

src/f_tools/exec_tools_2.o: src/f_tools/exec_tools_2.c headers/cub3d.h headers/struct.h
#  Implicit rule search has been done.
#  Implicit/static pattern stem: `src/f_tools/exec_tools_2'
#  Last modified 2022-09-19 12:47:53
#  File has been updated.
#  Successfully updated.
# variable set hash-table stats:
# Load=0/32=0%, Rehash=0, Collisions=0/0=0%
#  commands to execute (from `makefile', line 30):
	$(CC) $(FLAGS) -Iminilibx -c $< -o $@
	

clean:
#  Implicit rule search has not been done.
#  Modification time never checked.
#  File has not been updated.
#  commands to execute (from `makefile', line 36):
	rm -f $(OBJ)
	

# Not a target:
src/f_tools/general_tools_1.c:
#  Implicit rule search has been done.
#  Last modified 2022-09-19 12:55:52
#  File has been updated.
#  Successfully updated.
# variable set hash-table stats:
# Load=0/32=0%, Rehash=0, Collisions=0/0=0%

# Not a target:
src/f_tools/raycasting_tools.c:
#  Implicit rule search has been done.
#  Last modified 2022-09-02 18:06:09
#  File has been updated.
#  Successfully updated.
# variable set hash-table stats:
# Load=0/32=0%, Rehash=0, Collisions=0/0=0%

# Not a target:
src/parsing/store.c:
#  Implicit rule search has been done.
#  Last modified 2022-09-19 12:56:04
#  File has been updated.
#  Successfully updated.
# variable set hash-table stats:
# Load=0/32=0%, Rehash=0, Collisions=0/0=0%

# Not a target:
src/f_tools/exec_tools_1.c:
#  Implicit rule search has been done.
#  Last modified 2022-09-16 10:10:56
#  File has been updated.
#  Successfully updated.
# variable set hash-table stats:
# Load=0/32=0%, Rehash=0, Collisions=0/0=0%

hoho: all clean
#  Implicit rule search has not been done.
#  Modification time never checked.
#  File has not been updated.
#  commands to execute (from `makefile', line 42):
	clear && ./$(NAME) ./maps/map2.cub
	

# Not a target:
src/parsing/inspect.c:
#  Implicit rule search has been done.
#  Last modified 2022-09-02 11:28:51
#  File has been updated.
#  Successfully updated.
# variable set hash-table stats:
# Load=0/32=0%, Rehash=0, Collisions=0/0=0%

# Not a target:
exec/drawing.c:
#  Implicit rule search has been done.
#  Last modified 2022-09-17 17:24:38
#  File has been updated.
#  Successfully updated.
# variable set hash-table stats:
# Load=0/32=0%, Rehash=0, Collisions=0/0=0%

# Not a target:
src/f_tools/general_tools_2.c:
#  Implicit rule search has been done.
#  Last modified 2022-09-19 12:51:19
#  File has been updated.
#  Successfully updated.
# variable set hash-table stats:
# Load=0/32=0%, Rehash=0, Collisions=0/0=0%

src/f_tools/general_tools_3.o: src/f_tools/general_tools_3.c headers/cub3d.h headers/struct.h
#  Implicit rule search has been done.
#  Implicit/static pattern stem: `src/f_tools/general_tools_3'
#  Last modified 2022-09-19 12:47:53
#  File has been updated.
#  Successfully updated.
# variable set hash-table stats:
# Load=0/32=0%, Rehash=0, Collisions=0/0=0%
#  commands to execute (from `makefile', line 30):
	$(CC) $(FLAGS) -Iminilibx -c $< -o $@
	

# Not a target:
src/f_tools/gnl.c:
#  Implicit rule search has been done.
#  Last modified 2022-09-02 11:42:13
#  File has been updated.
#  Successfully updated.
# variable set hash-table stats:
# Load=0/32=0%, Rehash=0, Collisions=0/0=0%

src/f_tools/drawing_tools_1.o: src/f_tools/drawing_tools_1.c headers/cub3d.h headers/struct.h
#  Implicit rule search has been done.
#  Implicit/static pattern stem: `src/f_tools/drawing_tools_1'
#  Last modified 2022-09-19 12:47:53
#  File has been updated.
#  Successfully updated.
# variable set hash-table stats:
# Load=0/32=0%, Rehash=0, Collisions=0/0=0%
#  commands to execute (from `makefile', line 30):
	$(CC) $(FLAGS) -Iminilibx -c $< -o $@
	

# Not a target:
src/parsing/start_parsing.c:
#  Implicit rule search has been done.
#  Last modified 2022-09-19 12:55:47
#  File has been updated.
#  Successfully updated.
# variable set hash-table stats:
# Load=0/32=0%, Rehash=0, Collisions=0/0=0%

exec/ft_3d.o: exec/ft_3d.c headers/cub3d.h headers/struct.h
#  Implicit rule search has been done.
#  Implicit/static pattern stem: `exec/ft_3d'
#  Last modified 2022-09-19 12:47:54
#  File has been updated.
#  Successfully updated.
# variable set hash-table stats:
# Load=0/32=0%, Rehash=0, Collisions=0/0=0%
#  commands to execute (from `makefile', line 30):
	$(CC) $(FLAGS) -Iminilibx -c $< -o $@
	

# files hash-table stats:
# Load=55/1024=5%, Rehash=0, Collisions=8/252=3%
# VPATH Search Paths

# No `vpath' search paths.

# No general (`VPATH' variable) search path.

# # of strings in strcache: 1
# # of strcache buffers: 1
# strcache size: total = 4096 / max = 4096 / min = 4096 / avg = 4096
# strcache free: total = 4087 / max = 4087 / min = 4087 / avg = 4087

# Finished Make data base on Mon Sep 19 15:12:51 2022

 
